Log file open, 04/15/20 23:36:39
LogWindows: Failed to load 'aqProf.dll' (GetLastError=126)
LogWindows: File 'aqProf.dll' does not exist
LogWindows: Failed to load 'VtuneApi.dll' (GetLastError=126)
LogWindows: File 'VtuneApi.dll' does not exist
LogWindows: Failed to load 'VtuneApi32e.dll' (GetLastError=126)
LogWindows: File 'VtuneApi32e.dll' does not exist
LogConsoleResponse: Display: Failed to find resolution value strings in scalability ini. Falling back to default.
LogInit: Display: Running engine for game: NoKillDaKineBoss
LogPakFile: Registered encryption key '00000000000000000000000000000000': 0 pak files mounted, 0 remain pending
LogPlatformFile: Not using cached read wrapper
LogTaskGraph: Started task graph with 5 named threads and 35 total threads with 3 sets of task threads.
LogStats: Stats thread started at 0.412877
LogD3D11RHI: Loaded GFSDK_Aftermath_Lib.x64.dll
LogICUInternationalization: ICU TimeZone Detection - Raw Offset: -8:00, Platform Override: ''
LogPluginManager: Mounting plugin Paper2D
LogPluginManager: Mounting plugin AISupport
LogPluginManager: Mounting plugin LightPropagationVolume
LogPluginManager: Mounting plugin ActorLayerUtilities
LogPluginManager: Mounting plugin AnimationSharing
LogPluginManager: Mounting plugin CLionSourceCodeAccess
LogPluginManager: Mounting plugin CodeLiteSourceCodeAccess
LogPluginManager: Mounting plugin GitSourceControl
LogPluginManager: Mounting plugin KDevelopSourceCodeAccess
LogPluginManager: Mounting plugin NullSourceCodeAccess
LogPluginManager: Mounting plugin PerforceSourceControl
LogPluginManager: Mounting plugin SubversionSourceControl
LogPluginManager: Mounting plugin UObjectPlugin
LogPluginManager: Mounting plugin VisualStudioCodeSourceCodeAccess
LogPluginManager: Mounting plugin VisualStudioSourceCodeAccess
LogPluginManager: Mounting plugin XCodeSourceCodeAccess
LogPluginManager: Mounting plugin AssetManagerEditor
LogPluginManager: Mounting plugin CryptoKeys
LogPluginManager: Mounting plugin DataValidation
LogPluginManager: Mounting plugin FacialAnimation
LogPluginManager: Mounting plugin GameplayTagsEditor
LogPluginManager: Mounting plugin MacGraphicsSwitching
LogPluginManager: Mounting plugin MaterialAnalyzer
LogPluginManager: Mounting plugin MobileLauncherProfileWizard
LogPluginManager: Mounting plugin PluginBrowser
LogPluginManager: Mounting plugin SpeedTreeImporter
LogPluginManager: Mounting plugin DatasmithContent
LogPluginManager: Mounting plugin VariantManagerContent
LogPluginManager: Mounting plugin AlembicImporter
LogPluginManager: Mounting plugin AppleImageUtils
LogPluginManager: Mounting plugin AppleVision
LogPluginManager: Mounting plugin BackChannel
LogPluginManager: Mounting plugin CharacterAI
LogPluginManager: Mounting plugin GeometryCache
LogPluginManager: Mounting plugin HTML5Networking
LogPluginManager: Mounting plugin ProxyLODPlugin
LogPluginManager: Mounting plugin SkeletalReduction
LogPluginManager: Mounting plugin MagicLeap
LogPluginManager: Mounting plugin MagicLeapMedia
LogPluginManager: Mounting plugin AndroidMedia
LogPluginManager: Mounting plugin AvfMedia
LogPluginManager: Mounting plugin ImgMedia
LogPluginManager: Mounting plugin LinearTimecode
LogPluginManager: Mounting plugin MediaCompositing
LogPluginManager: Mounting plugin MediaPlayerEditor
LogPluginManager: Mounting plugin WebMMedia
LogPluginManager: Mounting plugin WmfMedia
LogPluginManager: Mounting plugin TcpMessaging
LogPluginManager: Mounting plugin UdpMessaging
LogPluginManager: Mounting plugin ActorSequence
LogPluginManager: Mounting plugin LevelSequenceEditor
LogPluginManager: Mounting plugin MatineeToLevelSequence
LogPluginManager: Mounting plugin NetcodeUnitTest
LogPluginManager: Mounting plugin NUTUnrealEngine4
LogPluginManager: Mounting plugin OnlineSubsystemGooglePlay
LogPluginManager: Mounting plugin OnlineSubsystemIOS
LogPluginManager: Mounting plugin OnlineSubsystem
LogPluginManager: Mounting plugin OnlineSubsystemNull
LogPluginManager: Mounting plugin OnlineSubsystemUtils
LogPluginManager: Mounting plugin LauncherChunkInstaller
LogPluginManager: Mounting plugin AndroidDeviceProfileSelector
LogPluginManager: Mounting plugin AndroidMoviePlayer
LogPluginManager: Mounting plugin AndroidPermission
LogPluginManager: Mounting plugin AppleMoviePlayer
LogPluginManager: Mounting plugin ArchVisCharacter
LogPluginManager: Mounting plugin AudioCapture
LogPluginManager: Mounting plugin CableComponent
LogPluginManager: Mounting plugin CustomMeshComponent
LogPluginManager: Mounting plugin EditableMesh
LogPluginManager: Mounting plugin ExampleDeviceProfileSelector
LogPluginManager: Mounting plugin Firebase
LogPluginManager: Mounting plugin GoogleCloudMessaging
LogPluginManager: Mounting plugin IOSDeviceProfileSelector
LogPluginManager: Mounting plugin LinuxDeviceProfileSelector
LogPluginManager: Mounting plugin LocationServicesBPLibrary
LogPluginManager: Mounting plugin MobilePatchingUtils
LogPluginManager: Mounting plugin OculusVR
LogPluginManager: Mounting plugin PhysXVehicles
LogPluginManager: Mounting plugin ProceduralMeshComponent
LogPluginManager: Mounting plugin RuntimePhysXCooking
LogPluginManager: Mounting plugin SignificanceManager
LogPluginManager: Mounting plugin SteamVR
LogPluginManager: Mounting plugin WebMMoviePlayer
LogPluginManager: Mounting plugin WindowsMoviePlayer
LogInit: Using libcurl 7.55.1-DEV
LogInit:  - built for x86_64-pc-win32
LogInit:  - supports SSL with OpenSSL/1.1.1
LogInit:  - supports HTTP deflate (compression) using libz 1.2.8
LogInit:  - other features:
LogInit:      CURL_VERSION_SSL
LogInit:      CURL_VERSION_LIBZ
LogInit:      CURL_VERSION_IPV6
LogInit:      CURL_VERSION_ASYNCHDNS
LogInit:      CURL_VERSION_LARGEFILE
LogInit:      CURL_VERSION_IDN
LogInit:  CurlRequestOptions (configurable via config and command line):
LogInit:  - bVerifyPeer = true  - Libcurl will verify peer certificate
LogInit:  - bUseHttpProxy = false  - Libcurl will NOT use HTTP proxy
LogInit:  - bDontReuseConnections = false  - Libcurl will reuse connections
LogInit:  - MaxHostConnections = 16  - Libcurl will limit the number of connections to a host
LogInit:  - LocalHostAddr = Default
LogInit:  - BufferSize = 65536
LogInit: WinSock: version 1.1 (2.2), MaxSocks=32767, MaxUdp=65467
LogInit: Build: ++UE4+Release-4.22-CL-7053642
LogInit: Engine Version: 4.22.3-7053642+++UE4+Release-4.22
LogInit: Compatible Engine Version: 4.22.0-5660361+++UE4+Release-4.22
LogInit: Net CL: 5660361
LogInit: OS: Windows 10 (Release 1809) (), CPU: Intel(R) Core(TM) i7-9750H CPU @ 2.60GHz, GPU: Intel(R) UHD Graphics 630
LogInit: Compiled (64-bit): Jun 18 2019 03:09:11
LogInit: Compiled with Visual C++: 19.16.27025.01
LogInit: Build Configuration: Development
LogInit: Branch Name: ++UE4+Release-4.22
LogInit: Command Line:  /Game/2DSideScrollerBP/Maps/2DSideScrollerExampleMap -game -PIEVIACONSOLE -ResX=1200 -ResY=800 -Multiprocess -messaging -SessionName="Play in Standalone Game" -windowed
LogInit: Base Directory: C:/Program Files/Epic Games/UE_4.22/Engine/Binaries/Win64/
LogInit: Installed Engine Build: 1
LogDevObjectVersion: Number of dev versions registered: 23
LogDevObjectVersion:   Dev-Blueprints (B0D832E4-1F89-4F0D-ACCF-7EB736FD4AA2): 10
LogDevObjectVersion:   Dev-Build (E1C64328-A22C-4D53-A36C-8E866417BD8C): 0
LogDevObjectVersion:   Dev-Core (375EC13C-06E4-48FB-B500-84F0262A717E): 3
LogDevObjectVersion:   Dev-Editor (E4B068ED-F494-42E9-A231-DA0B2E46BB41): 30
LogDevObjectVersion:   Dev-Framework (CFFC743F-43B0-4480-9391-14DF171D2073): 35
LogDevObjectVersion:   Dev-Mobile (B02B49B5-BB20-44E9-A304-32B752E40360): 2
LogDevObjectVersion:   Dev-Networking (A4E4105C-59A1-49B5-A7C5-40C4547EDFEE): 0
LogDevObjectVersion:   Dev-Online (39C831C9-5AE6-47DC-9A44-9C173E1C8E7C): 0
LogDevObjectVersion:   Dev-Physics (78F01B33-EBEA-4F98-B9B4-84EACCB95AA2): 0
LogDevObjectVersion:   Dev-Platform (6631380F-2D4D-43E0-8009-CF276956A95A): 0
LogDevObjectVersion:   Dev-Rendering (12F88B9F-8875-4AFC-A67C-D90C383ABD29): 28
LogDevObjectVersion:   Dev-Sequencer (7B5AE74C-D270-4C10-A958-57980B212A5A): 11
LogDevObjectVersion:   Dev-VR (D7296918-1DD6-4BDD-9DE2-64A83CC13884): 2
LogDevObjectVersion:   Dev-LoadTimes (C2A15278-BFE7-4AFE-6C17-90FF531DF755): 1
LogDevObjectVersion:   Private-Geometry (6EACA3D4-40EC-4CC1-B786-8BED09428FC5): 3
LogDevObjectVersion:   Dev-AnimPhys (29E575DD-E0A3-4627-9D10-D276232CDCEA): 17
LogDevObjectVersion:   Dev-Anim (AF43A65D-7FD3-4947-9873-3E8ED9C1BB05): 2
LogDevObjectVersion:   Dev-ReflectionCapture (6B266CEC-1EC7-4B8F-A30B-E4D90942FC07): 1
LogDevObjectVersion:   Dev-Automation (0DF73D61-A23F-47EA-B727-89E90C41499A): 1
LogDevObjectVersion:   FortniteMain (601D1886-AC64-4F84-AA16-D3DE0DEAC7D6): 25
LogDevObjectVersion:   Dev-Enterprise (9DFFBCD6-494F-0158-E221-12823C92A888): 6
LogDevObjectVersion:   Dev-Niagara (F2AED0AC-9AFE-416F-8664-AA7FFA26D6FC): 1
LogDevObjectVersion:   Dev-Destruction (174F1F0B-B4C6-45A5-B13F-2EE8D0FB917D): 2
LogInit: Presizing for max 16777216 objects, including 0 objects not considered by GC, pre-allocating 0 bytes for permanent pool.
LogInit: Object subsystem initialized
LogConfig: Setting CVar [[con.DebugEarlyDefault:1]]
LogConfig: Setting CVar [[r.setres:1280x720]]
[2020.04.16-06.36.39:789][  0]LogConfig: Setting CVar [[con.DebugEarlyDefault:1]]
[2020.04.16-06.36.39:789][  0]LogConfig: Setting CVar [[r.setres:1280x720]]
[2020.04.16-06.36.39:789][  0]LogConfig: Applying CVar settings from Section [/Script/Engine.RendererSettings] File [C:/Users/pele-/Documents/GitHub/No-Kill-Da-Kine-Boss/Saved/Config/Windows/Engine.ini]
[2020.04.16-06.36.39:789][  0]LogConfig: Setting CVar [[r.GPUCrashDebugging:0]]
[2020.04.16-06.36.39:789][  0]LogConfig: Setting CVar [[r.MobileHDR:1]]
[2020.04.16-06.36.39:789][  0]LogConfig: Setting CVar [[r.Mobile.DisableVertexFog:1]]
[2020.04.16-06.36.39:789][  0]LogConfig: Setting CVar [[r.Shadow.CSM.MaxMobileCascades:2]]
[2020.04.16-06.36.39:789][  0]LogConfig: Setting CVar [[r.MobileMSAA:1]]
[2020.04.16-06.36.39:789][  0]LogConfig: Setting CVar [[r.Mobile.UseLegacyShadingModel:0]]
[2020.04.16-06.36.39:789][  0]LogConfig: Setting CVar [[r.Mobile.UseHWsRGBEncoding:0]]
[2020.04.16-06.36.39:789][  0]LogConfig: Setting CVar [[r.Mobile.AllowDitheredLODTransition:0]]
[2020.04.16-06.36.39:789][  0]LogConfig: Setting CVar [[r.Mobile.AllowSoftwareOcclusion:0]]
[2020.04.16-06.36.39:789][  0]LogConfig: Setting CVar [[r.DiscardUnusedQuality:0]]
[2020.04.16-06.36.39:789][  0]LogConfig: Setting CVar [[r.AllowOcclusionQueries:1]]
[2020.04.16-06.36.39:789][  0]LogConfig: Setting CVar [[r.MinScreenRadiusForLights:0.030000]]
[2020.04.16-06.36.39:789][  0]LogConfig: Setting CVar [[r.MinScreenRadiusForDepthPrepass:0.030000]]
[2020.04.16-06.36.39:789][  0]LogConfig: Setting CVar [[r.MinScreenRadiusForCSMDepth:0.010000]]
[2020.04.16-06.36.39:789][  0]LogConfig: Setting CVar [[r.PrecomputedVisibilityWarning:0]]
[2020.04.16-06.36.39:789][  0]LogConfig: Setting CVar [[r.TextureStreaming:1]]
[2020.04.16-06.36.39:789][  0]LogConfig: Setting CVar [[Compat.UseDXT5NormalMaps:0]]
[2020.04.16-06.36.39:789][  0]LogConfig: Setting CVar [[r.ClearCoatNormal:0]]
[2020.04.16-06.36.39:789][  0]LogConfig: Setting CVar [[r.ReflectionCaptureResolution:128]]
[2020.04.16-06.36.39:789][  0]LogConfig: Setting CVar [[r.ReflectionEnvironmentLightmapMixBasedOnRoughness:1]]
[2020.04.16-06.36.39:789][  0]LogConfig: Setting CVar [[r.ForwardShading:0]]
[2020.04.16-06.36.39:789][  0]LogConfig: Setting CVar [[r.VertexFoggingForOpaque:1]]
[2020.04.16-06.36.39:789][  0]LogConfig: Setting CVar [[r.AllowStaticLighting:1]]
[2020.04.16-06.36.39:789][  0]LogConfig: Setting CVar [[r.NormalMapsForStaticLighting:0]]
[2020.04.16-06.36.39:789][  0]LogConfig: Setting CVar [[r.GenerateMeshDistanceFields:0]]
[2020.04.16-06.36.39:789][  0]LogConfig: Setting CVar [[r.DistanceFieldBuild.EightBit:0]]
[2020.04.16-06.36.39:789][  0]LogConfig: Setting CVar [[r.GenerateLandscapeGIData:0]]
[2020.04.16-06.36.39:789][  0]LogConfig: Setting CVar [[r.DistanceFieldBuild.Compress:0]]
[2020.04.16-06.36.39:789][  0]LogConfig: Setting CVar [[r.TessellationAdaptivePixelsPerTriangle:48.000000]]
[2020.04.16-06.36.39:789][  0]LogConfig: Setting CVar [[r.SeparateTranslucency:1]]
[2020.04.16-06.36.39:789][  0]LogConfig: Setting CVar [[r.TranslucentSortPolicy:0]]
[2020.04.16-06.36.39:789][  0]LogConfig: Setting CVar [[r.CustomDepth:1]]
[2020.04.16-06.36.39:789][  0]LogConfig: Setting CVar [[r.CustomDepthTemporalAAJitter:1]]
[2020.04.16-06.36.39:789][  0]LogConfig: Setting CVar [[r.PostProcessing.PropagateAlpha:0]]
[2020.04.16-06.36.39:789][  0]LogConfig: Setting CVar [[r.DOF.Algorithm:1]]
[2020.04.16-06.36.39:789][  0]LogConfig: Setting CVar [[r.DefaultFeature.Bloom:1]]
[2020.04.16-06.36.39:789][  0]LogConfig: Setting CVar [[r.DefaultFeature.AmbientOcclusion:1]]
[2020.04.16-06.36.39:789][  0]LogConfig: Setting CVar [[r.DefaultFeature.AmbientOcclusionStaticFraction:1]]
[2020.04.16-06.36.39:789][  0]LogConfig: Setting CVar [[r.DefaultFeature.AutoExposure:0]]
[2020.04.16-06.36.39:789][  0]LogConfig: Setting CVar [[r.DefaultFeature.AutoExposure.Method:0]]
[2020.04.16-06.36.39:789][  0]LogConfig: Setting CVar [[r.DefaultFeature.AutoExposure.ExtendDefaultLuminanceRange:0]]
[2020.04.16-06.36.39:789][  0]LogConfig: Setting CVar [[r.UsePreExposure:0]]
[2020.04.16-06.36.39:789][  0]LogConfig: Setting CVar [[r.DefaultFeature.MotionBlur:0]]
[2020.04.16-06.36.39:789][  0]LogConfig: Setting CVar [[r.DefaultFeature.LensFlare:0]]
[2020.04.16-06.36.39:789][  0]LogConfig: Setting CVar [[r.TemporalAA.Upsampling:0]]
[2020.04.16-06.36.39:790][  0]LogConfig: Setting CVar [[r.DefaultFeature.AntiAliasing:0]]
[2020.04.16-06.36.39:790][  0]LogConfig: Setting CVar [[r.DefaultFeature.LightUnits:1]]
[2020.04.16-06.36.39:790][  0]LogConfig: Setting CVar [[r.DefaultBackBufferPixelFormat:4]]
[2020.04.16-06.36.39:790][  0]LogConfig: Setting CVar [[r.Shadow.UnbuiltPreviewInGame:1]]
[2020.04.16-06.36.39:790][  0]LogConfig: Setting CVar [[r.StencilForLODDither:0]]
[2020.04.16-06.36.39:790][  0]LogConfig: Setting CVar [[r.EarlyZPass:3]]
[2020.04.16-06.36.39:790][  0]LogConfig: Setting CVar [[r.EarlyZPassOnlyMaterialMasking:0]]
[2020.04.16-06.36.39:790][  0]LogConfig: Setting CVar [[r.DBuffer:1]]
[2020.04.16-06.36.39:790][  0]LogConfig: Setting CVar [[r.ClearSceneMethod:1]]
[2020.04.16-06.36.39:790][  0]LogConfig: Setting CVar [[r.BasePassOutputsVelocity:0]]
[2020.04.16-06.36.39:790][  0]LogConfig: Setting CVar [[r.SelectiveBasePassOutputs:0]]
[2020.04.16-06.36.39:790][  0]LogConfig: Setting CVar [[fx.GPUSimulationTextureSizeX:1024]]
[2020.04.16-06.36.39:790][  0]LogConfig: Setting CVar [[fx.GPUSimulationTextureSizeY:1024]]
[2020.04.16-06.36.39:790][  0]LogConfig: Setting CVar [[r.AllowGlobalClipPlane:0]]
[2020.04.16-06.36.39:790][  0]LogConfig: Setting CVar [[r.GBufferFormat:1]]
[2020.04.16-06.36.39:790][  0]LogConfig: Setting CVar [[r.MorphTarget.Mode:1]]
[2020.04.16-06.36.39:790][  0]LogConfig: Setting CVar [[vr.InstancedStereo:0]]
[2020.04.16-06.36.39:790][  0]LogConfig: Setting CVar [[vr.MultiView:0]]
[2020.04.16-06.36.39:790][  0]LogConfig: Setting CVar [[vr.MobileMultiView:0]]
[2020.04.16-06.36.39:790][  0]LogConfig: Setting CVar [[vr.MobileMultiView.Direct:0]]
[2020.04.16-06.36.39:790][  0]LogConfig: Setting CVar [[vr.RoundRobinOcclusion:0]]
[2020.04.16-06.36.39:790][  0]LogConfig: Setting CVar [[vr.ODSCapture:0]]
[2020.04.16-06.36.39:790][  0]LogConfig: Setting CVar [[r.WireframeCullThreshold:5.000000]]
[2020.04.16-06.36.39:790][  0]LogConfig: Setting CVar [[r.RayTracing:0]]
[2020.04.16-06.36.39:790][  0]LogConfig: Setting CVar [[r.SupportStationarySkylight:1]]
[2020.04.16-06.36.39:790][  0]LogConfig: Setting CVar [[r.SupportLowQualityLightmaps:1]]
[2020.04.16-06.36.39:790][  0]LogConfig: Setting CVar [[r.SupportPointLightWholeSceneShadows:1]]
[2020.04.16-06.36.39:790][  0]LogConfig: Setting CVar [[r.SupportAtmosphericFog:1]]
[2020.04.16-06.36.39:790][  0]LogConfig: Setting CVar [[r.SkinCache.CompileShaders:0]]
[2020.04.16-06.36.39:790][  0]LogConfig: Setting CVar [[r.Mobile.EnableStaticAndCSMShadowReceivers:1]]
[2020.04.16-06.36.39:790][  0]LogConfig: Setting CVar [[r.Mobile.EnableMovableLightCSMShaderCulling:1]]
[2020.04.16-06.36.39:790][  0]LogConfig: Setting CVar [[r.Mobile.AllowDistanceFieldShadows:1]]
[2020.04.16-06.36.39:790][  0]LogConfig: Setting CVar [[r.Mobile.AllowMovableDirectionalLights:1]]
[2020.04.16-06.36.39:790][  0]LogConfig: Setting CVar [[r.MobileNumDynamicPointLights:4]]
[2020.04.16-06.36.39:790][  0]LogConfig: Setting CVar [[r.MobileDynamicPointLightsUseStaticBranch:1]]
[2020.04.16-06.36.39:790][  0]LogConfig: Setting CVar [[r.Mobile.EnableMovableSpotlights:0]]
[2020.04.16-06.36.39:790][  0]LogConfig: Setting CVar [[r.SkinCache.SceneMemoryLimitInMB:128.000000]]
[2020.04.16-06.36.39:790][  0]LogConfig: Setting CVar [[r.GPUSkin.Limit2BoneInfluences:0]]
[2020.04.16-06.36.39:790][  0]LogConfig: Setting CVar [[r.SupportDepthOnlyIndexBuffers:1]]
[2020.04.16-06.36.39:790][  0]LogConfig: Setting CVar [[r.SupportReversedIndexBuffers:1]]
[2020.04.16-06.36.39:790][  0]LogConfig: Setting CVar [[r.SupportMaterialLayers:0]]
[2020.04.16-06.36.39:790][  0]LogConfig: Applying CVar settings from Section [/Script/Engine.RendererOverrideSettings] File [C:/Users/pele-/Documents/GitHub/No-Kill-Da-Kine-Boss/Saved/Config/Windows/Engine.ini]
[2020.04.16-06.36.39:790][  0]LogConfig: Applying CVar settings from Section [/Script/Engine.StreamingSettings] File [C:/Users/pele-/Documents/GitHub/No-Kill-Da-Kine-Boss/Saved/Config/Windows/Engine.ini]
[2020.04.16-06.36.39:790][  0]LogConfig: Setting CVar [[s.MinBulkDataSizeForAsyncLoading:131072]]
[2020.04.16-06.36.39:790][  0]LogConfig: Setting CVar [[s.AsyncLoadingThreadEnabled:0]]
[2020.04.16-06.36.39:790][  0]LogConfig: Setting CVar [[s.EventDrivenLoaderEnabled:1]]
[2020.04.16-06.36.39:790][  0]LogConfig: Setting CVar [[s.WarnIfTimeLimitExceeded:0]]
[2020.04.16-06.36.39:790][  0]LogConfig: Setting CVar [[s.TimeLimitExceededMultiplier:1.5]]
[2020.04.16-06.36.39:790][  0]LogConfig: Setting CVar [[s.TimeLimitExceededMinTime:0.005]]
[2020.04.16-06.36.39:790][  0]LogConfig: Setting CVar [[s.UseBackgroundLevelStreaming:1]]
[2020.04.16-06.36.39:790][  0]LogConfig: Setting CVar [[s.PriorityAsyncLoadingExtraTime:15.0]]
[2020.04.16-06.36.39:790][  0]LogConfig: Setting CVar [[s.LevelStreamingActorsUpdateTimeLimit:5.0]]
[2020.04.16-06.36.39:790][  0]LogConfig: Setting CVar [[s.PriorityLevelStreamingActorsUpdateExtraTime:5.0]]
[2020.04.16-06.36.39:791][  0]LogConfig: Setting CVar [[s.LevelStreamingComponentsRegistrationGranularity:10]]
[2020.04.16-06.36.39:791][  0]LogConfig: Setting CVar [[s.UnregisterComponentsTimeLimit:1.0]]
[2020.04.16-06.36.39:791][  0]LogConfig: Setting CVar [[s.LevelStreamingComponentsUnregistrationGranularity:5]]
[2020.04.16-06.36.39:791][  0]LogConfig: Applying CVar settings from Section [/Script/Engine.GarbageCollectionSettings] File [C:/Users/pele-/Documents/GitHub/No-Kill-Da-Kine-Boss/Saved/Config/Windows/Engine.ini]
[2020.04.16-06.36.39:791][  0]LogConfig: Setting CVar [[gc.MaxObjectsNotConsideredByGC:1]]
[2020.04.16-06.36.39:791][  0]LogConfig: Setting CVar [[gc.SizeOfPermanentObjectPool:0]]
[2020.04.16-06.36.39:791][  0]LogConfig: Setting CVar [[gc.FlushStreamingOnGC:0]]
[2020.04.16-06.36.39:791][  0]LogConfig: Setting CVar [[gc.NumRetriesBeforeForcingGC:10]]
[2020.04.16-06.36.39:791][  0]LogConfig: Setting CVar [[gc.AllowParallelGC:1]]
[2020.04.16-06.36.39:791][  0]LogConfig: Setting CVar [[gc.TimeBetweenPurgingPendingKillObjects:61.1]]
[2020.04.16-06.36.39:791][  0]LogConfig: Setting CVar [[gc.MaxObjectsInEditor:16777216]]
[2020.04.16-06.36.39:791][  0]LogConfig: Setting CVar [[gc.IncrementalBeginDestroyEnabled:1]]
[2020.04.16-06.36.39:791][  0]LogConfig: Setting CVar [[gc.CreateGCClusters:1]]
[2020.04.16-06.36.39:791][  0]LogConfig: Setting CVar [[gc.MinGCClusterSize:5]]
[2020.04.16-06.36.39:791][  0]LogConfig: Setting CVar [[gc.ActorClusteringEnabled:0]]
[2020.04.16-06.36.39:791][  0]LogConfig: Setting CVar [[gc.BlueprintClusteringEnabled:0]]
[2020.04.16-06.36.39:791][  0]LogConfig: Setting CVar [[gc.UseDisregardForGCOnDedicatedServers:0]]
[2020.04.16-06.36.39:791][  0]LogConfig: Applying CVar settings from Section [/Script/Engine.NetworkSettings] File [C:/Users/pele-/Documents/GitHub/No-Kill-Da-Kine-Boss/Saved/Config/Windows/Engine.ini]
[2020.04.16-06.36.39:791][  0]LogConfig: Applying CVar settings from Section [/Script/UnrealEd.CookerSettings] File [C:/Users/pele-/Documents/GitHub/No-Kill-Da-Kine-Boss/Saved/Config/Windows/Engine.ini]
[2020.04.16-06.36.39:794][  0]LogConfig: Applying CVar settings from Section [ViewDistanceQuality@3] File [C:/Users/pele-/Documents/GitHub/No-Kill-Da-Kine-Boss/Saved/Config/Windows/Scalability.ini]
[2020.04.16-06.36.39:794][  0]LogConfig: Setting CVar [[r.SkeletalMeshLODBias:0]]
[2020.04.16-06.36.39:794][  0]LogConfig: Setting CVar [[r.ViewDistanceScale:1.0]]
[2020.04.16-06.36.39:794][  0]LogConfig: Applying CVar settings from Section [AntiAliasingQuality@3] File [C:/Users/pele-/Documents/GitHub/No-Kill-Da-Kine-Boss/Saved/Config/Windows/Scalability.ini]
[2020.04.16-06.36.39:794][  0]LogConfig: Setting CVar [[r.PostProcessAAQuality:4]]
[2020.04.16-06.36.39:794][  0]LogConfig: Applying CVar settings from Section [ShadowQuality@3] File [C:/Users/pele-/Documents/GitHub/No-Kill-Da-Kine-Boss/Saved/Config/Windows/Scalability.ini]
[2020.04.16-06.36.39:794][  0]LogConfig: Setting CVar [[r.LightFunctionQuality:1]]
[2020.04.16-06.36.39:794][  0]LogConfig: Setting CVar [[r.ShadowQuality:5]]
[2020.04.16-06.36.39:794][  0]LogConfig: Setting CVar [[r.Shadow.CSM.MaxCascades:10]]
[2020.04.16-06.36.39:794][  0]LogConfig: Setting CVar [[r.Shadow.MaxResolution:2048]]
[2020.04.16-06.36.39:794][  0]LogConfig: Setting CVar [[r.Shadow.MaxCSMResolution:2048]]
[2020.04.16-06.36.39:794][  0]LogConfig: Setting CVar [[r.Shadow.RadiusThreshold:0.01]]
[2020.04.16-06.36.39:794][  0]LogConfig: Setting CVar [[r.Shadow.DistanceScale:1.0]]
[2020.04.16-06.36.39:794][  0]LogConfig: Setting CVar [[r.Shadow.CSM.TransitionScale:1.0]]
[2020.04.16-06.36.39:794][  0]LogConfig: Setting CVar [[r.Shadow.PreShadowResolutionFactor:1.0]]
[2020.04.16-06.36.39:794][  0]LogConfig: Setting CVar [[r.DistanceFieldShadowing:1]]
[2020.04.16-06.36.39:794][  0]LogConfig: Setting CVar [[r.DistanceFieldAO:1]]
[2020.04.16-06.36.39:794][  0]LogConfig: Setting CVar [[r.AOQuality:2]]
[2020.04.16-06.36.39:794][  0]LogConfig: Setting CVar [[r.VolumetricFog:1]]
[2020.04.16-06.36.39:794][  0]LogConfig: Setting CVar [[r.VolumetricFog.GridPixelSize:8]]
[2020.04.16-06.36.39:794][  0]LogConfig: Setting CVar [[r.VolumetricFog.GridSizeZ:128]]
[2020.04.16-06.36.39:794][  0]LogConfig: Setting CVar [[r.VolumetricFog.HistoryMissSupersampleCount:4]]
[2020.04.16-06.36.39:794][  0]LogConfig: Setting CVar [[r.LightMaxDrawDistanceScale:1]]
[2020.04.16-06.36.39:794][  0]LogConfig: Setting CVar [[r.CapsuleShadows:1]]
[2020.04.16-06.36.39:794][  0]LogConfig: Applying CVar settings from Section [PostProcessQuality@3] File [C:/Users/pele-/Documents/GitHub/No-Kill-Da-Kine-Boss/Saved/Config/Windows/Scalability.ini]
[2020.04.16-06.36.39:794][  0]LogConfig: Setting CVar [[r.MotionBlurQuality:4]]
[2020.04.16-06.36.39:794][  0]LogConfig: Setting CVar [[r.AmbientOcclusionMipLevelFactor:0.4]]
[2020.04.16-06.36.39:794][  0]LogConfig: Setting CVar [[r.AmbientOcclusionMaxQuality:100]]
[2020.04.16-06.36.39:794][  0]LogConfig: Setting CVar [[r.AmbientOcclusionLevels:-1]]
[2020.04.16-06.36.39:794][  0]LogConfig: Setting CVar [[r.AmbientOcclusionRadiusScale:1.0]]
[2020.04.16-06.36.39:794][  0]LogConfig: Setting CVar [[r.DepthOfFieldQuality:2]]
[2020.04.16-06.36.39:794][  0]LogConfig: Setting CVar [[r.RenderTargetPoolMin:400]]
[2020.04.16-06.36.39:794][  0]LogConfig: Setting CVar [[r.LensFlareQuality:2]]
[2020.04.16-06.36.39:794][  0]LogConfig: Setting CVar [[r.SceneColorFringeQuality:1]]
[2020.04.16-06.36.39:794][  0]LogConfig: Setting CVar [[r.EyeAdaptationQuality:2]]
[2020.04.16-06.36.39:794][  0]LogConfig: Setting CVar [[r.BloomQuality:5]]
[2020.04.16-06.36.39:794][  0]LogConfig: Setting CVar [[r.FastBlurThreshold:100]]
[2020.04.16-06.36.39:794][  0]LogConfig: Setting CVar [[r.Upscale.Quality:3]]
[2020.04.16-06.36.39:794][  0]LogConfig: Setting CVar [[r.Tonemapper.GrainQuantization:1]]
[2020.04.16-06.36.39:794][  0]LogConfig: Setting CVar [[r.LightShaftQuality:1]]
[2020.04.16-06.36.39:794][  0]LogConfig: Setting CVar [[r.Filter.SizeScale:1]]
[2020.04.16-06.36.39:794][  0]LogConfig: Setting CVar [[r.Tonemapper.Quality:5]]
[2020.04.16-06.36.39:794][  0]LogConfig: Setting CVar [[r.DOF.Gather.AccumulatorQuality:1        ; higher gathering accumulator quality]]
[2020.04.16-06.36.39:794][  0]LogConfig: Setting CVar [[r.DOF.Gather.PostfilterMethod:1          ; Median3x3 postfilering method]]
[2020.04.16-06.36.39:794][  0]LogConfig: Setting CVar [[r.DOF.Gather.EnableBokehSettings:0       ; no bokeh simulation when gathering]]
[2020.04.16-06.36.39:794][  0]LogConfig: Setting CVar [[r.DOF.Gather.RingCount:4                 ; medium number of samples when gathering]]
[2020.04.16-06.36.39:794][  0]LogConfig: Setting CVar [[r.DOF.Scatter.ForegroundCompositing:1    ; additive foreground scattering]]
[2020.04.16-06.36.39:794][  0]LogConfig: Setting CVar [[r.DOF.Scatter.BackgroundCompositing:2    ; additive background scattering]]
[2020.04.16-06.36.39:794][  0]LogConfig: Setting CVar [[r.DOF.Scatter.EnableBokehSettings:1      ; bokeh simulation when scattering]]
[2020.04.16-06.36.39:794][  0]LogConfig: Setting CVar [[r.DOF.Scatter.MaxSpriteRatio:0.1         ; only a maximum of 10% of scattered bokeh]]
[2020.04.16-06.36.39:794][  0]LogConfig: Setting CVar [[r.DOF.Recombine.Quality:1                ; cheap slight out of focus]]
[2020.04.16-06.36.39:794][  0]LogConfig: Setting CVar [[r.DOF.Recombine.EnableBokehSettings:0    ; no bokeh simulation on slight out of focus]]
[2020.04.16-06.36.39:794][  0]LogConfig: Setting CVar [[r.DOF.TemporalAAQuality:1                ; more stable temporal accumulation]]
[2020.04.16-06.36.39:794][  0]LogConfig: Setting CVar [[r.DOF.Kernel.MaxForegroundRadius:0.025]]
[2020.04.16-06.36.39:794][  0]LogConfig: Setting CVar [[r.DOF.Kernel.MaxBackgroundRadius:0.025]]
[2020.04.16-06.36.39:794][  0]LogConfig: Applying CVar settings from Section [TextureQuality@3] File [C:/Users/pele-/Documents/GitHub/No-Kill-Da-Kine-Boss/Saved/Config/Windows/Scalability.ini]
[2020.04.16-06.36.39:795][  0]LogConfig: Setting CVar [[r.Streaming.MipBias:0]]
[2020.04.16-06.36.39:795][  0]LogConfig: Setting CVar [[r.Streaming.AmortizeCPUToGPUCopy:0]]
[2020.04.16-06.36.39:795][  0]LogConfig: Setting CVar [[r.Streaming.MaxNumTexturesToStreamPerFrame:0]]
[2020.04.16-06.36.39:795][  0]LogConfig: Setting CVar [[r.Streaming.Boost:1]]
[2020.04.16-06.36.39:795][  0]LogConfig: Setting CVar [[r.MaxAnisotropy:8]]
[2020.04.16-06.36.39:795][  0]LogConfig: Setting CVar [[r.Streaming.LimitPoolSizeToVRAM:0]]
[2020.04.16-06.36.39:795][  0]LogConfig: Setting CVar [[r.Streaming.PoolSize:1000]]
[2020.04.16-06.36.39:795][  0]LogConfig: Setting CVar [[r.Streaming.MaxEffectiveScreenSize:0]]
[2020.04.16-06.36.39:795][  0]LogConfig: Applying CVar settings from Section [EffectsQuality@3] File [C:/Users/pele-/Documents/GitHub/No-Kill-Da-Kine-Boss/Saved/Config/Windows/Scalability.ini]
[2020.04.16-06.36.39:795][  0]LogConfig: Setting CVar [[r.TranslucencyLightingVolumeDim:64]]
[2020.04.16-06.36.39:795][  0]LogConfig: Setting CVar [[r.RefractionQuality:2]]
[2020.04.16-06.36.39:795][  0]LogConfig: Setting CVar [[r.SSR.Quality:3]]
[2020.04.16-06.36.39:795][  0]LogConfig: Setting CVar [[r.SceneColorFormat:4]]
[2020.04.16-06.36.39:795][  0]LogConfig: Setting CVar [[r.DetailMode:2]]
[2020.04.16-06.36.39:795][  0]LogConfig: Setting CVar [[r.TranslucencyVolumeBlur:1]]
[2020.04.16-06.36.39:795][  0]LogConfig: Setting CVar [[r.MaterialQualityLevel:1 ; High quality]]
[2020.04.16-06.36.39:795][  0]LogConfig: Setting CVar [[r.SSS.Scale:1]]
[2020.04.16-06.36.39:795][  0]LogConfig: Setting CVar [[r.SSS.SampleSet:2]]
[2020.04.16-06.36.39:795][  0]LogConfig: Setting CVar [[r.SSS.Quality:1]]
[2020.04.16-06.36.39:795][  0]LogConfig: Setting CVar [[r.SSS.HalfRes:1]]
[2020.04.16-06.36.39:795][  0]LogConfig: Setting CVar [[r.EmitterSpawnRateScale:1.0]]
[2020.04.16-06.36.39:795][  0]LogConfig: Setting CVar [[r.ParticleLightQuality:2]]
[2020.04.16-06.36.39:795][  0]LogConfig: Applying CVar settings from Section [FoliageQuality@3] File [C:/Users/pele-/Documents/GitHub/No-Kill-Da-Kine-Boss/Saved/Config/Windows/Scalability.ini]
[2020.04.16-06.36.39:795][  0]LogConfig: Setting CVar [[foliage.DensityScale:1.0]]
[2020.04.16-06.36.39:795][  0]LogConfig: Setting CVar [[grass.DensityScale:1.0]]
[2020.04.16-06.36.39:795][  0]LogInit: Selected Device Profile: [Windows]
[2020.04.16-06.36.39:795][  0]LogInit: Applying CVar settings loaded from the selected device profile: [Windows]
[2020.04.16-06.36.39:799][  0]LogHAL: Display: Platform has ~ 16 GB [17022177280 / 17179869184 / 16], which maps to Larger [LargestMinGB=32, LargerMinGB=12, DefaultMinGB=8, SmallerMinGB=6, SmallestMinGB=0)
[2020.04.16-06.36.39:799][  0]LogConfig: Setting CVar [[r.Vulkan.UseRealUBs:0		; Required until we fix HLR fall-out]]
[2020.04.16-06.36.39:799][  0]LogInit: Going up to parent DeviceProfile []
[2020.04.16-06.36.39:799][  0]LogConfig: Applying CVar settings from Section [ViewDistanceQuality@3] File [C:/Users/pele-/Documents/GitHub/No-Kill-Da-Kine-Boss/Saved/Config/Windows/Scalability.ini]
[2020.04.16-06.36.39:799][  0]LogConfig: Setting CVar [[r.SkeletalMeshLODBias:0]]
[2020.04.16-06.36.39:799][  0]LogConfig: Setting CVar [[r.ViewDistanceScale:1.0]]
[2020.04.16-06.36.39:799][  0]LogConfig: Applying CVar settings from Section [AntiAliasingQuality@3] File [C:/Users/pele-/Documents/GitHub/No-Kill-Da-Kine-Boss/Saved/Config/Windows/Scalability.ini]
[2020.04.16-06.36.39:799][  0]LogConfig: Setting CVar [[r.PostProcessAAQuality:4]]
[2020.04.16-06.36.39:799][  0]LogConfig: Applying CVar settings from Section [ShadowQuality@3] File [C:/Users/pele-/Documents/GitHub/No-Kill-Da-Kine-Boss/Saved/Config/Windows/Scalability.ini]
[2020.04.16-06.36.39:799][  0]LogConfig: Setting CVar [[r.LightFunctionQuality:1]]
[2020.04.16-06.36.39:799][  0]LogConfig: Setting CVar [[r.ShadowQuality:5]]
[2020.04.16-06.36.39:799][  0]LogConfig: Setting CVar [[r.Shadow.CSM.MaxCascades:10]]
[2020.04.16-06.36.39:799][  0]LogConfig: Setting CVar [[r.Shadow.MaxResolution:2048]]
[2020.04.16-06.36.39:799][  0]LogConfig: Setting CVar [[r.Shadow.MaxCSMResolution:2048]]
[2020.04.16-06.36.39:799][  0]LogConfig: Setting CVar [[r.Shadow.RadiusThreshold:0.01]]
[2020.04.16-06.36.39:799][  0]LogConfig: Setting CVar [[r.Shadow.DistanceScale:1.0]]
[2020.04.16-06.36.39:799][  0]LogConfig: Setting CVar [[r.Shadow.CSM.TransitionScale:1.0]]
[2020.04.16-06.36.39:799][  0]LogConfig: Setting CVar [[r.Shadow.PreShadowResolutionFactor:1.0]]
[2020.04.16-06.36.39:799][  0]LogConfig: Setting CVar [[r.DistanceFieldShadowing:1]]
[2020.04.16-06.36.39:799][  0]LogConfig: Setting CVar [[r.DistanceFieldAO:1]]
[2020.04.16-06.36.39:799][  0]LogConfig: Setting CVar [[r.AOQuality:2]]
[2020.04.16-06.36.39:799][  0]LogConfig: Setting CVar [[r.VolumetricFog:1]]
[2020.04.16-06.36.39:799][  0]LogConfig: Setting CVar [[r.VolumetricFog.GridPixelSize:8]]
[2020.04.16-06.36.39:799][  0]LogConfig: Setting CVar [[r.VolumetricFog.GridSizeZ:128]]
[2020.04.16-06.36.39:799][  0]LogConfig: Setting CVar [[r.VolumetricFog.HistoryMissSupersampleCount:4]]
[2020.04.16-06.36.39:799][  0]LogConfig: Setting CVar [[r.LightMaxDrawDistanceScale:1]]
[2020.04.16-06.36.39:799][  0]LogConfig: Setting CVar [[r.CapsuleShadows:1]]
[2020.04.16-06.36.39:799][  0]LogConfig: Applying CVar settings from Section [PostProcessQuality@3] File [C:/Users/pele-/Documents/GitHub/No-Kill-Da-Kine-Boss/Saved/Config/Windows/Scalability.ini]
[2020.04.16-06.36.39:799][  0]LogConfig: Setting CVar [[r.MotionBlurQuality:4]]
[2020.04.16-06.36.39:799][  0]LogConfig: Setting CVar [[r.AmbientOcclusionMipLevelFactor:0.4]]
[2020.04.16-06.36.39:799][  0]LogConfig: Setting CVar [[r.AmbientOcclusionMaxQuality:100]]
[2020.04.16-06.36.39:799][  0]LogConfig: Setting CVar [[r.AmbientOcclusionLevels:-1]]
[2020.04.16-06.36.39:799][  0]LogConfig: Setting CVar [[r.AmbientOcclusionRadiusScale:1.0]]
[2020.04.16-06.36.39:799][  0]LogConfig: Setting CVar [[r.DepthOfFieldQuality:2]]
[2020.04.16-06.36.39:799][  0]LogConfig: Setting CVar [[r.RenderTargetPoolMin:400]]
[2020.04.16-06.36.39:799][  0]LogConfig: Setting CVar [[r.LensFlareQuality:2]]
[2020.04.16-06.36.39:799][  0]LogConfig: Setting CVar [[r.SceneColorFringeQuality:1]]
[2020.04.16-06.36.39:799][  0]LogConfig: Setting CVar [[r.EyeAdaptationQuality:2]]
[2020.04.16-06.36.39:799][  0]LogConfig: Setting CVar [[r.BloomQuality:5]]
[2020.04.16-06.36.39:799][  0]LogConfig: Setting CVar [[r.FastBlurThreshold:100]]
[2020.04.16-06.36.39:799][  0]LogConfig: Setting CVar [[r.Upscale.Quality:3]]
[2020.04.16-06.36.39:799][  0]LogConfig: Setting CVar [[r.Tonemapper.GrainQuantization:1]]
[2020.04.16-06.36.39:799][  0]LogConfig: Setting CVar [[r.LightShaftQuality:1]]
[2020.04.16-06.36.39:799][  0]LogConfig: Setting CVar [[r.Filter.SizeScale:1]]
[2020.04.16-06.36.39:799][  0]LogConfig: Setting CVar [[r.Tonemapper.Quality:5]]
[2020.04.16-06.36.39:799][  0]LogConfig: Setting CVar [[r.DOF.Gather.AccumulatorQuality:1        ; higher gathering accumulator quality]]
[2020.04.16-06.36.39:799][  0]LogConfig: Setting CVar [[r.DOF.Gather.PostfilterMethod:1          ; Median3x3 postfilering method]]
[2020.04.16-06.36.39:799][  0]LogConfig: Setting CVar [[r.DOF.Gather.EnableBokehSettings:0       ; no bokeh simulation when gathering]]
[2020.04.16-06.36.39:799][  0]LogConfig: Setting CVar [[r.DOF.Gather.RingCount:4                 ; medium number of samples when gathering]]
[2020.04.16-06.36.39:799][  0]LogConfig: Setting CVar [[r.DOF.Scatter.ForegroundCompositing:1    ; additive foreground scattering]]
[2020.04.16-06.36.39:799][  0]LogConfig: Setting CVar [[r.DOF.Scatter.BackgroundCompositing:2    ; additive background scattering]]
[2020.04.16-06.36.39:799][  0]LogConfig: Setting CVar [[r.DOF.Scatter.EnableBokehSettings:1      ; bokeh simulation when scattering]]
[2020.04.16-06.36.39:799][  0]LogConfig: Setting CVar [[r.DOF.Scatter.MaxSpriteRatio:0.1         ; only a maximum of 10% of scattered bokeh]]
[2020.04.16-06.36.39:799][  0]LogConfig: Setting CVar [[r.DOF.Recombine.Quality:1                ; cheap slight out of focus]]
[2020.04.16-06.36.39:799][  0]LogConfig: Setting CVar [[r.DOF.Recombine.EnableBokehSettings:0    ; no bokeh simulation on slight out of focus]]
[2020.04.16-06.36.39:799][  0]LogConfig: Setting CVar [[r.DOF.TemporalAAQuality:1                ; more stable temporal accumulation]]
[2020.04.16-06.36.39:799][  0]LogConfig: Setting CVar [[r.DOF.Kernel.MaxForegroundRadius:0.025]]
[2020.04.16-06.36.39:799][  0]LogConfig: Setting CVar [[r.DOF.Kernel.MaxBackgroundRadius:0.025]]
[2020.04.16-06.36.39:799][  0]LogConfig: Applying CVar settings from Section [TextureQuality@3] File [C:/Users/pele-/Documents/GitHub/No-Kill-Da-Kine-Boss/Saved/Config/Windows/Scalability.ini]
[2020.04.16-06.36.39:799][  0]LogConfig: Setting CVar [[r.Streaming.MipBias:0]]
[2020.04.16-06.36.39:799][  0]LogConfig: Setting CVar [[r.Streaming.AmortizeCPUToGPUCopy:0]]
[2020.04.16-06.36.39:799][  0]LogConfig: Setting CVar [[r.Streaming.MaxNumTexturesToStreamPerFrame:0]]
[2020.04.16-06.36.39:800][  0]LogConfig: Setting CVar [[r.Streaming.Boost:1]]
[2020.04.16-06.36.39:800][  0]LogConfig: Setting CVar [[r.MaxAnisotropy:8]]
[2020.04.16-06.36.39:800][  0]LogConfig: Setting CVar [[r.Streaming.LimitPoolSizeToVRAM:0]]
[2020.04.16-06.36.39:800][  0]LogConfig: Setting CVar [[r.Streaming.PoolSize:1000]]
[2020.04.16-06.36.39:800][  0]LogConfig: Setting CVar [[r.Streaming.MaxEffectiveScreenSize:0]]
[2020.04.16-06.36.39:800][  0]LogConfig: Applying CVar settings from Section [EffectsQuality@3] File [C:/Users/pele-/Documents/GitHub/No-Kill-Da-Kine-Boss/Saved/Config/Windows/Scalability.ini]
[2020.04.16-06.36.39:800][  0]LogConfig: Setting CVar [[r.TranslucencyLightingVolumeDim:64]]
[2020.04.16-06.36.39:800][  0]LogConfig: Setting CVar [[r.RefractionQuality:2]]
[2020.04.16-06.36.39:800][  0]LogConfig: Setting CVar [[r.SSR.Quality:3]]
[2020.04.16-06.36.39:800][  0]LogConfig: Setting CVar [[r.SceneColorFormat:4]]
[2020.04.16-06.36.39:800][  0]LogConfig: Setting CVar [[r.DetailMode:2]]
[2020.04.16-06.36.39:800][  0]LogConfig: Setting CVar [[r.TranslucencyVolumeBlur:1]]
[2020.04.16-06.36.39:800][  0]LogConfig: Setting CVar [[r.MaterialQualityLevel:1 ; High quality]]
[2020.04.16-06.36.39:800][  0]LogConfig: Setting CVar [[r.SSS.Scale:1]]
[2020.04.16-06.36.39:800][  0]LogConfig: Setting CVar [[r.SSS.SampleSet:2]]
[2020.04.16-06.36.39:800][  0]LogConfig: Setting CVar [[r.SSS.Quality:1]]
[2020.04.16-06.36.39:800][  0]LogConfig: Setting CVar [[r.SSS.HalfRes:1]]
[2020.04.16-06.36.39:800][  0]LogConfig: Setting CVar [[r.EmitterSpawnRateScale:1.0]]
[2020.04.16-06.36.39:800][  0]LogConfig: Setting CVar [[r.ParticleLightQuality:2]]
[2020.04.16-06.36.39:800][  0]LogConfig: Applying CVar settings from Section [FoliageQuality@3] File [C:/Users/pele-/Documents/GitHub/No-Kill-Da-Kine-Boss/Saved/Config/Windows/Scalability.ini]
[2020.04.16-06.36.39:800][  0]LogConfig: Setting CVar [[foliage.DensityScale:1.0]]
[2020.04.16-06.36.39:800][  0]LogConfig: Setting CVar [[grass.DensityScale:1.0]]
[2020.04.16-06.36.39:800][  0]LogConfig: Applying CVar settings from Section [Startup] File [../../../Engine/Config/ConsoleVariables.ini]
[2020.04.16-06.36.39:800][  0]LogConfig: Setting CVar [[net.UseAdaptiveNetUpdateFrequency:0]]
[2020.04.16-06.36.39:800][  0]LogConfig: Setting CVar [[p.chaos.AllowCreatePhysxBodies:1]]
[2020.04.16-06.36.39:800][  0]LogConfig: Applying CVar settings from Section [ConsoleVariables] File [C:/Users/pele-/Documents/GitHub/No-Kill-Da-Kine-Boss/Saved/Config/Windows/Engine.ini]
[2020.04.16-06.36.39:801][  0]LogInit: Computer: LAPTOP-OS5U2E3I
[2020.04.16-06.36.39:801][  0]LogInit: User: pele
[2020.04.16-06.36.39:801][  0]LogInit: CPU Page size=4096, Cores=6
[2020.04.16-06.36.39:801][  0]LogInit: High frequency timer resolution =10.000000 MHz
[2020.04.16-06.36.39:801][  0]LogMemory: Memory total: Physical=15.9GB (16GB approx)
[2020.04.16-06.36.39:801][  0]LogMemory: Platform Memory Stats for Windows
[2020.04.16-06.36.39:801][  0]LogMemory: Process Physical Memory: 98.32 MB used, 98.32 MB peak
[2020.04.16-06.36.39:801][  0]LogMemory: Process Virtual Memory: 90.09 MB used, 90.09 MB peak
[2020.04.16-06.36.39:801][  0]LogMemory: Physical Memory: 10673.90 MB used,  5559.71 MB free, 16233.61 MB total
[2020.04.16-06.36.39:801][  0]LogMemory: Virtual Memory: 4674.88 MB used,  134213056.00 MB free, 134217728.00 MB total
[2020.04.16-06.36.39:914][  0]LogInit: Using OS detected language (en-US).
[2020.04.16-06.36.39:914][  0]LogInit: Using OS detected locale (en-US).
[2020.04.16-06.36.39:914][  0]LogTextLocalizationManager: No specific localization for 'en-US' exists, so the 'en' localization will be used.
[2020.04.16-06.36.40:103][  0]LogSlate: New Slate User Created.  User Index 0, Is Virtual User: 0
[2020.04.16-06.36.40:104][  0]LogSlate: Slate User Registered.  User Index 0, Is Virtual User: 0
[2020.04.16-06.36.40:144][  0]LogHMD: Failed to initialize OpenVR with code 110
[2020.04.16-06.36.40:144][  0]LogD3D11RHI: D3D11 adapters:
[2020.04.16-06.36.40:209][  0]LogD3D11RHI:    0. 'NVIDIA GeForce RTX 2070' (Feature Level 11_0)
[2020.04.16-06.36.40:209][  0]LogD3D11RHI:       8031/0/8116 MB DedicatedVideo/DedicatedSystem/SharedSystem, Outputs:1, VendorId:0x10de
[2020.04.16-06.36.40:224][  0]LogD3D11RHI:    1. 'Intel(R) UHD Graphics 630' (Feature Level 11_0)
[2020.04.16-06.36.40:224][  0]LogD3D11RHI:       128/0/8116 MB DedicatedVideo/DedicatedSystem/SharedSystem, Outputs:0, VendorId:0x8086
[2020.04.16-06.36.40:226][  0]LogD3D11RHI:    2. 'Microsoft Basic Render Driver' (Feature Level 11_0)
[2020.04.16-06.36.40:226][  0]LogD3D11RHI:       0/0/8116 MB DedicatedVideo/DedicatedSystem/SharedSystem, Outputs:0, VendorId:0x1414
[2020.04.16-06.36.40:226][  0]LogD3D11RHI: Chosen D3D11 Adapter: 0
[2020.04.16-06.36.40:301][  0]LogD3D11RHI: Creating new Direct3DDevice
[2020.04.16-06.36.40:301][  0]LogD3D11RHI:     GPU DeviceId: 0x1f10 (for the marketing name, search the web for "GPU Device Id")
[2020.04.16-06.36.40:301][  0]LogWindows: EnumDisplayDevices:
[2020.04.16-06.36.40:301][  0]LogWindows:    0. 'Intel(R) UHD Graphics 630' (P:1 D:1)
[2020.04.16-06.36.40:301][  0]LogWindows:    1. 'Intel(R) UHD Graphics 630' (P:0 D:0)
[2020.04.16-06.36.40:302][  0]LogWindows:    2. 'Intel(R) UHD Graphics 630' (P:0 D:0)
[2020.04.16-06.36.40:302][  0]LogWindows:    3. 'NVIDIA GeForce RTX 2070' (P:0 D:0)
[2020.04.16-06.36.40:302][  0]LogWindows:    4. 'NVIDIA GeForce RTX 2070' (P:0 D:0)
[2020.04.16-06.36.40:302][  0]LogWindows:    5. 'NVIDIA GeForce RTX 2070' (P:0 D:0)
[2020.04.16-06.36.40:303][  0]LogWindows:    6. 'NVIDIA GeForce RTX 2070' (P:0 D:0)
[2020.04.16-06.36.40:303][  0]LogWindows: DebugString: PrimaryIsNotTheChoosenAdapter PrimaryIsNotTheChoosenAdapter PrimaryIsNotTheChoosenAdapter FoundDriverCount:4 
[2020.04.16-06.36.40:303][  0]LogD3D11RHI:     Adapter Name: NVIDIA GeForce RTX 2070
[2020.04.16-06.36.40:303][  0]LogD3D11RHI:   Driver Version: 445.75 (internal:26.21.14.4575, unified:445.75)
[2020.04.16-06.36.40:303][  0]LogD3D11RHI:      Driver Date: 3-17-2020
[2020.04.16-06.36.40:303][  0]LogRHI: Texture pool is 5621 MB (70% of 8031 MB)
[2020.04.16-06.36.40:355][  0]LogD3D11RHI: Async texture creation enabled
[2020.04.16-06.36.40:365][  0]LogRendererCore: FGlobalReadBuffer::InitRHI
[2020.04.16-06.36.40:365][  0]LogRendererCore: FGlobalReadBuffer::InitRHI
[2020.04.16-06.36.40:365][  0]LogRendererCore: FGlobalReadBuffer::InitRHI
[2020.04.16-06.36.40:372][  0]LogD3D11RHI: GPU Timing Frequency: 1000.000000 (Debug: 2 1)
[2020.04.16-06.36.40:667][  0]LogTemp: Display: Module 'WindowsClientTargetPlatform' loaded TargetPlatform 'WindowsClient'
[2020.04.16-06.36.40:680][  0]LogTemp: Display: Module 'WindowsNoEditorTargetPlatform' loaded TargetPlatform 'WindowsNoEditor'
[2020.04.16-06.36.40:692][  0]LogTemp: Display: Module 'WindowsServerTargetPlatform' loaded TargetPlatform 'WindowsServer'
[2020.04.16-06.36.40:698][  0]LogTemp: Display: Module 'WindowsTargetPlatform' loaded TargetPlatform 'Windows'
[2020.04.16-06.36.40:698][  0]LogTargetPlatformManager: Display: Building Assets For Windows
[2020.04.16-06.36.40:706][  0]LogAudioDebug: Display: Lib vorbis DLL was dynamically loaded.
[2020.04.16-06.36.40:753][  0]LogShaderCompilers: Guid format shader working directory is -23 characters bigger than the processId version (../../../../../../Users/pele-/Documents/GitHub/No-Kill-Da-Kine-Boss/Intermediate/Shaders/WorkingDirectory/223600/).
[2020.04.16-06.36.40:753][  0]LogShaderCompilers: Cleaned the shader compiler working directory 'C:/Users/pele-/AppData/Local/Temp/UnrealShaderWorkingDir/F7317F7C41A3EFEF7ACF63A15484FAC7/'.
[2020.04.16-06.36.40:755][  0]LogXGEController: Cannot use XGE Controller as Incredibuild is not installed on this machine.
[2020.04.16-06.36.40:755][  0]LogShaderCompilers: Cannot use XGE Shader Compiler as Incredibuild is not installed on this machine.
[2020.04.16-06.36.40:756][  0]LogShaderCompilers: Display: Using Local Shader Compiler.
[2020.04.16-06.36.41:243][  0]LogDerivedDataCache: Display: Max Cache Size: 512 MB
[2020.04.16-06.36.41:286][  0]LogDerivedDataCache: Loaded boot cache 0.04s 71MB C:/Users/pele-/AppData/Local/UnrealEngine/4.22/DerivedDataCache/Boot.ddc.
[2020.04.16-06.36.41:286][  0]LogDerivedDataCache: Display: Loaded Boot cache: C:/Users/pele-/AppData/Local/UnrealEngine/4.22/DerivedDataCache/Boot.ddc
[2020.04.16-06.36.41:286][  0]LogDerivedDataCache: FDerivedDataBackendGraph:  Pak pak cache file ../../../../../../Users/pele-/Documents/GitHub/No-Kill-Da-Kine-Boss/DerivedDataCache/DDC.ddp not found, will not use a pak cache.
[2020.04.16-06.36.41:286][  0]LogDerivedDataCache: Unable to find inner node Pak for hierarchical cache Hierarchy.
[2020.04.16-06.36.41:286][  0]LogDerivedDataCache: FDerivedDataBackendGraph:  CompressedPak pak cache file ../../../../../../Users/pele-/Documents/GitHub/No-Kill-Da-Kine-Boss/DerivedDataCache/Compressed.ddp not found, will not use a pak cache.
[2020.04.16-06.36.41:286][  0]LogDerivedDataCache: Unable to find inner node CompressedPak for hierarchical cache Hierarchy.
[2020.04.16-06.36.41:296][  0]LogDerivedDataCache: Display: Pak cache opened for reading ../../../Engine/DerivedDataCache/Compressed.ddp.
[2020.04.16-06.36.41:296][  0]LogDerivedDataCache: FDerivedDataBackendGraph:  EnterprisePak pak cache file ../../../Enterprise/DerivedDataCache/Compressed.ddp not found, will not use a pak cache.
[2020.04.16-06.36.41:296][  0]LogDerivedDataCache: Unable to find inner node EnterprisePak for hierarchical cache Hierarchy.
[2020.04.16-06.36.41:308][  0]LogDerivedDataCache: Using Local data cache path C:/Users/pele-/AppData/Local/UnrealEngine/Common/DerivedDataCache: Writable
[2020.04.16-06.36.41:308][  0]LogDerivedDataCache: Shared data cache path not found in *engine.ini, will not use an Shared cache.
[2020.04.16-06.36.41:308][  0]LogDerivedDataCache: Unable to find inner node Shared for hierarchical cache Hierarchy.
[2020.04.16-06.36.41:326][  0]LogMaterial: Verifying Global Shaders for PCD3D_SM5
[2020.04.16-06.36.41:327][  0]LogSlate: Using FreeType 2.6.0
[2020.04.16-06.36.41:328][  0]LogSlate: SlateFontServices - WITH_FREETYPE: 1, WITH_HARFBUZZ: 1
[2020.04.16-06.36.41:438][  0]LogInit: Using OS detected language (en-US).
[2020.04.16-06.36.41:438][  0]LogInit: Using OS detected locale (en-US).
[2020.04.16-06.36.41:438][  0]LogTextLocalizationManager: No localization for 'en-US' exists, so 'en' will be used for the language.
[2020.04.16-06.36.41:438][  0]LogTextLocalizationManager: No localization for 'en-US' exists, so 'en' will be used for the locale.
[2020.04.16-06.36.41:438][  0]LogSlate: FontCache flush requested. Reason: Culture for localization was changed
[2020.04.16-06.36.41:438][  0]LogSlate: FontCache flush requested. Reason: Culture for localization was changed
[2020.04.16-06.36.41:440][  0]LogTextLocalizationManager: Compacting localization data took   0.00ms
[2020.04.16-06.36.41:446][  0]LogAssetRegistry: FAssetRegistry took 0.0037 seconds to start up
[2020.04.16-06.36.41:634][  0]LogPackageLocalizationCache: Processed 10 localized package path(s) for 1 prioritized culture(s) in 0.000619 seconds
[2020.04.16-06.36.41:824][  0]LogInit: Selected Device Profile: [Windows]
[2020.04.16-06.36.41:881][  0]LogMeshReduction: Using QuadricMeshReduction for automatic static mesh reduction
[2020.04.16-06.36.41:881][  0]LogMeshReduction: Using SimplygonMeshReduction for automatic skeletal mesh reduction
[2020.04.16-06.36.41:881][  0]LogMeshReduction: Using ProxyLODMeshReduction for automatic mesh merging
[2020.04.16-06.36.41:881][  0]LogMeshReduction: No distributed automatic mesh merging module available
[2020.04.16-06.36.41:881][  0]LogMeshMerging: No distributed automatic mesh merging module available
[2020.04.16-06.36.41:969][  0]LogNetVersion: NoKillDaKineBoss 1.0.0, NetCL: 5660361, EngineNetVer: 10, GameNetVer: 0 (Checksum: 3103393884)
[2020.04.16-06.36.42:422][  0]LogMoviePlayer: Initializing movie player
[2020.04.16-06.36.42:527][  0]LogTcpMessaging: Initializing TcpMessaging bridge
[2020.04.16-06.36.42:540][  0]LogUdpMessaging: Initializing bridge on interface 0.0.0.0:0 to multicast group 230.0.0.1:6666.
[2020.04.16-06.36.42:620][  0]SourceControl: Source control is disabled
[2020.04.16-06.36.42:620][  0]SourceControl: Source control is disabled
[2020.04.16-06.36.42:621][  0]SourceControl: Source control is disabled
[2020.04.16-06.36.42:630][  0]LogVSAccessor: Display: Unable to create Visual Studio setup instance: 80040154
[2020.04.16-06.36.42:630][  0]LogVSAccessor: Display: Unable to create Visual Studio setup instance: 80040154
[2020.04.16-06.36.42:660][  0]LogAndroidPermission: UAndroidPermissionCallbackProxy::GetInstance
[2020.04.16-06.36.43:897][  0]LogOcInput: OculusInput pre-init called
[2020.04.16-06.36.43:905][  0]LogUObjectArray: 46459 objects as part of root set at end of initial load.
[2020.04.16-06.36.43:905][  0]LogUObjectAllocator: 8159704 out of 0 bytes used by permanent object pool.
[2020.04.16-06.36.43:905][  0]LogUObjectArray: CloseDisregardForGC: 0/0 objects in disregard for GC pool
[2020.04.16-06.36.44:026][  0]LogEngine: Initializing Engine...
[2020.04.16-06.36.44:027][  0]LogHMD: Failed to initialize OpenVR with code 110
[2020.04.16-06.36.44:039][  0]LogStats: UGameplayTagsManager::InitializeManager -  0.000 s
[2020.04.16-06.36.44:167][  0]LogInit: Initializing FReadOnlyCVARCache
[2020.04.16-06.36.44:175][  0]LogInit: XAudio2 using 'Speakers (Realtek(R) Audio)' : 6 channels at 48 kHz using 32 bits per sample (channel mask 0x3f)
[2020.04.16-06.36.44:280][  0]LogInit: FAudioDevice initialized.
[2020.04.16-06.36.44:292][  0]LogNetVersion: Set ProjectVersion to 1.0.0.0. Version Checksum will be recalculated on next use.
[2020.04.16-06.36.44:298][  0]LogInit: Texture streaming: Enabled
[2020.04.16-06.36.44:422][  0]LogSlate: Updating window title bar state: overlay mode, drag disabled, window buttons hidden, title bar hidden
[2020.04.16-06.36.44:422][  0]LogInit: Display: Game Engine Initialized.
[2020.04.16-06.36.44:466][  0]LogInit: Display: Starting Game.
[2020.04.16-06.36.44:467][  0]LogNet: Browse: /Game/2DSideScrollerBP/Maps/2DSideScrollerExampleMap?Name=Player
[2020.04.16-06.36.44:467][  0]LogLoad: LoadMap: /Game/2DSideScrollerBP/Maps/2DSideScrollerExampleMap?Name=Player
[2020.04.16-06.36.44:494][  0]LogUObjectHash: Compacting FUObjectHashTables data took   1.16ms
[2020.04.16-06.36.44:707][  0]LogAIModule: Creating AISystem for world 2DSideScrollerExampleMap
[2020.04.16-06.36.44:708][  0]LogLoad: Game class is '2DSideScrollerGameMode_C'
[2020.04.16-06.36.44:710][  0]LogWorld: Bringing World /Game/2DSideScrollerBP/Maps/2DSideScrollerExampleMap.2DSideScrollerExampleMap up for play (max tick rate 0) at 2020.04.15-23.36.44
[2020.04.16-06.36.44:712][  0]LogWorld: Bringing up level for play took: 0.004587
[2020.04.16-06.36.44:713][  0]LogGameMode: FindPlayerStart: PATHS NOT DEFINED or NO PLAYERSTART with positive rating
[2020.04.16-06.36.44:725][  0]LogLoad: Took 0.259023 seconds to LoadMap(/Game/2DSideScrollerBP/Maps/2DSideScrollerExampleMap)
[2020.04.16-06.36.44:779][  0]LogRenderer: Reallocating scene render targets to support 1200x800 Format 10 NumSamples 1 (Frame:1).
[2020.04.16-06.36.44:779][  0]LogLoad: (Engine Initialization) Total time: 7.09 seconds
[2020.04.16-06.36.44:779][  0]LogLoad: (Engine Initialization) Total Blueprint compile time: 0.00 seconds
[2020.04.16-06.36.44:801][  0]LogContentStreaming: Texture pool size now 1000 MB
[2020.04.16-06.36.49:071][257]LogSlate: Updating window title bar state: overlay mode, drag disabled, window buttons hidden, title bar hidden
[2020.04.16-06.36.49:071][257]LogPlayerController: Error: InputMode:UIOnly - Attempting to focus Non-Focusable widget SObjectWidget [Widget.cpp(710)]!
[2020.04.16-06.37.01:959][ 56]LogSlate: FSceneViewport::OnFocusLost() reason 0
[2020.04.16-06.37.02:072][ 63]LogNet: Browse: /Game/2DSideScrollerBP/Maps/2DSideScrollerExampleMap
[2020.04.16-06.37.02:072][ 63]LogLoad: LoadMap: /Game/2DSideScrollerBP/Maps/2DSideScrollerExampleMap
[2020.04.16-06.37.02:103][ 63]LogUObjectHash: Compacting FUObjectHashTables data took   1.61ms
[2020.04.16-06.37.02:323][ 63]LogAIModule: Creating AISystem for world 2DSideScrollerExampleMap
[2020.04.16-06.37.02:323][ 63]LogLoad: Game class is '2DSideScrollerGameMode_C'
[2020.04.16-06.37.02:325][ 63]LogWorld: Bringing World /Game/2DSideScrollerBP/Maps/2DSideScrollerExampleMap.2DSideScrollerExampleMap up for play (max tick rate 0) at 2020.04.15-23.37.02
[2020.04.16-06.37.02:325][ 63]LogWorld: Bringing up level for play took: 0.001275
[2020.04.16-06.37.02:325][ 63]LogGameMode: FindPlayerStart: PATHS NOT DEFINED or NO PLAYERSTART with positive rating
[2020.04.16-06.37.02:328][ 63]LogLoad: Took 0.255677 seconds to LoadMap(/Game/2DSideScrollerBP/Maps/2DSideScrollerExampleMap)
[2020.04.16-06.37.30:284][797]LogSlate: Updating window title bar state: overlay mode, drag disabled, window buttons hidden, title bar hidden
[2020.04.16-06.37.30:284][797]LogPlayerController: Error: InputMode:UIOnly - Attempting to focus Non-Focusable widget SObjectWidget [Widget.cpp(710)]!
[2020.04.16-06.37.32:202][916]LogSlate: FSceneViewport::OnFocusLost() reason 0
[2020.04.16-06.37.32:299][922]LogNet: Browse: /Game/2DSideScrollerBP/Maps/2DSideScrollerExampleMap
[2020.04.16-06.37.32:299][922]LogLoad: LoadMap: /Game/2DSideScrollerBP/Maps/2DSideScrollerExampleMap
[2020.04.16-06.37.32:331][922]LogUObjectHash: Compacting FUObjectHashTables data took   0.60ms
[2020.04.16-06.37.32:561][922]LogAIModule: Creating AISystem for world 2DSideScrollerExampleMap
[2020.04.16-06.37.32:562][922]LogLoad: Game class is '2DSideScrollerGameMode_C'
[2020.04.16-06.37.32:564][922]LogWorld: Bringing World /Game/2DSideScrollerBP/Maps/2DSideScrollerExampleMap.2DSideScrollerExampleMap up for play (max tick rate 0) at 2020.04.15-23.37.32
[2020.04.16-06.37.32:565][922]LogWorld: Bringing up level for play took: 0.001590
[2020.04.16-06.37.32:565][922]LogGameMode: FindPlayerStart: PATHS NOT DEFINED or NO PLAYERSTART with positive rating
[2020.04.16-06.37.32:567][922]LogLoad: Took 0.266804 seconds to LoadMap(/Game/2DSideScrollerBP/Maps/2DSideScrollerExampleMap)
[2020.04.16-06.38.10:063][247]LogSlate: Updating window title bar state: overlay mode, drag disabled, window buttons hidden, title bar hidden
[2020.04.16-06.38.10:063][247]LogPlayerController: Error: InputMode:UIOnly - Attempting to focus Non-Focusable widget SObjectWidget [Widget.cpp(710)]!
[2020.04.16-06.38.12:031][369]LogSlate: FSceneViewport::OnFocusLost() reason 0
[2020.04.16-06.38.12:128][375]LogNet: Browse: /Game/2DSideScrollerBP/Maps/2DSideScrollerExampleMap
[2020.04.16-06.38.12:129][375]LogLoad: LoadMap: /Game/2DSideScrollerBP/Maps/2DSideScrollerExampleMap
[2020.04.16-06.38.12:157][375]LogUObjectHash: Compacting FUObjectHashTables data took   0.59ms
[2020.04.16-06.38.12:373][375]LogAIModule: Creating AISystem for world 2DSideScrollerExampleMap
[2020.04.16-06.38.12:373][375]LogLoad: Game class is '2DSideScrollerGameMode_C'
[2020.04.16-06.38.12:376][375]LogWorld: Bringing World /Game/2DSideScrollerBP/Maps/2DSideScrollerExampleMap.2DSideScrollerExampleMap up for play (max tick rate 0) at 2020.04.15-23.38.12
[2020.04.16-06.38.12:376][375]LogWorld: Bringing up level for play took: 0.001480
[2020.04.16-06.38.12:376][375]LogGameMode: FindPlayerStart: PATHS NOT DEFINED or NO PLAYERSTART with positive rating
[2020.04.16-06.38.12:378][375]LogLoad: Took 0.249797 seconds to LoadMap(/Game/2DSideScrollerBP/Maps/2DSideScrollerExampleMap)
[2020.04.16-06.38.23:204][ 47]LogSlate: Updating window title bar state: overlay mode, drag disabled, window buttons hidden, title bar hidden
[2020.04.16-06.38.23:205][ 47]LogPlayerController: Error: InputMode:UIOnly - Attempting to focus Non-Focusable widget SObjectWidget [Widget.cpp(710)]!
[2020.04.16-06.38.31:035][524]LogSlate: Window 'NoKillDaKineBoss (64-bit Development PCD3D_SM5) ' being destroyed
[2020.04.16-06.38.31:035][524]LogWindowsTextInputMethodSystem: Display: IME system now deactivated.
[2020.04.16-06.38.31:040][524]LogSlate: Updating window title bar state: overlay mode, drag disabled, window buttons hidden, title bar hidden
[2020.04.16-06.38.31:040][524]LogEngine: All Windows Closed
[2020.04.16-06.38.31:040][524]LogWindows: FPlatformMisc::RequestExit(0)
[2020.04.16-06.38.31:087][525]LogExit: Preparing to exit.
[2020.04.16-06.38.31:087][525]LogMoviePlayer: Shutting down movie player
[2020.04.16-06.38.31:608][525]LogSlate: Updating window title bar state: overlay mode, drag disabled, window buttons hidden, title bar hidden
[2020.04.16-06.38.31:619][525]LogExit: Game engine shut down
[2020.04.16-06.38.31:686][525]LogExit: Object subsystem successfully closed.
[2020.04.16-06.38.31:701][525]LogShaderCompilers: Display: Shaders left to compile 0
[2020.04.16-06.38.31:703][525]LogD3D11RHI: Shutdown
[2020.04.16-06.38.31:703][525]LogD3D11RHI: CleanupD3DDevice
[2020.04.16-06.38.31:704][525]LogRendererCore: FGlobalReadBuffer::ReleaseRHI
[2020.04.16-06.38.31:704][525]LogRendererCore: FGlobalDynamicReadBuffer::Cleanup()
[2020.04.16-06.38.31:704][525]LogRendererCore: FGlobalReadBuffer::ReleaseRHI
[2020.04.16-06.38.31:704][525]LogRendererCore: FGlobalDynamicReadBuffer::Cleanup()
[2020.04.16-06.38.31:704][525]LogRendererCore: FGlobalReadBuffer::ReleaseRHI
[2020.04.16-06.38.31:704][525]LogRendererCore: FGlobalDynamicReadBuffer::Cleanup()
[2020.04.16-06.38.31:752][525]LogD3D11RHI: ~FD3D11DynamicRHI
[2020.04.16-06.38.31:776][525]LogModuleManager: Shutting down and abandoning module SequenceRecorderSections (398)
[2020.04.16-06.38.31:776][525]LogModuleManager: Shutting down and abandoning module SequenceRecorder (396)
[2020.04.16-06.38.31:776][525]LogModuleManager: Shutting down and abandoning module AutomationController (394)
[2020.04.16-06.38.31:776][525]LogModuleManager: Shutting down and abandoning module AutomationWorker (392)
[2020.04.16-06.38.31:777][525]LogModuleManager: Shutting down and abandoning module Voice (390)
[2020.04.16-06.38.31:777][525]LogModuleManager: Shutting down and abandoning module AIModule (388)
[2020.04.16-06.38.31:777][525]LogModuleManager: Shutting down and abandoning module GameplayDebugger (387)
[2020.04.16-06.38.31:777][525]LogModuleManager: Shutting down and abandoning module AITestSuite (385)
[2020.04.16-06.38.31:777][525]LogModuleManager: Shutting down and abandoning module NavigationSystem (383)
[2020.04.16-06.38.31:777][525]LogModuleManager: Shutting down and abandoning module OculusMR (380)
[2020.04.16-06.38.31:777][525]LogModuleManager: Shutting down and abandoning module WmfMediaFactory (378)
[2020.04.16-06.38.31:777][525]LogModuleManager: Shutting down and abandoning module WebMMediaFactory (376)
[2020.04.16-06.38.31:777][525]LogModuleManager: Shutting down and abandoning module WebMMedia (374)
[2020.04.16-06.38.31:777][525]LogModuleManager: Shutting down and abandoning module OpenExrWrapper (372)
[2020.04.16-06.38.31:777][525]LogModuleManager: Shutting down and abandoning module ImgMediaFactory (370)
[2020.04.16-06.38.31:777][525]LogModuleManager: Shutting down and abandoning module AvfMediaFactory (368)
[2020.04.16-06.38.31:777][525]LogModuleManager: Shutting down and abandoning module MagicLeapCameraPreviewFactory (366)
[2020.04.16-06.38.31:777][525]LogModuleManager: Shutting down and abandoning module MagicLeapMediaCodecFactory (364)
[2020.04.16-06.38.31:777][525]LogModuleManager: Shutting down and abandoning module MagicLeapMediaFactory (362)
[2020.04.16-06.38.31:777][525]LogModuleManager: Shutting down and abandoning module CharacterAI (360)
[2020.04.16-06.38.31:777][525]LogModuleManager: Shutting down and abandoning module SessionServices (358)
[2020.04.16-06.38.31:777][525]LogModuleManager: Shutting down and abandoning module MovieSceneCapture (356)
[2020.04.16-06.38.31:777][525]LogModuleManager: Shutting down and abandoning module LiveCoding (354)
[2020.04.16-06.38.31:777][525]LogModuleManager: Shutting down and abandoning module LevelSequence (352)
[2020.04.16-06.38.31:777][525]LogModuleManager: Shutting down and abandoning module MovieSceneTracks (350)
[2020.04.16-06.38.31:777][525]LogModuleManager: Shutting down and abandoning module MovieScene (348)
[2020.04.16-06.38.31:777][525]LogModuleManager: Shutting down and abandoning module StreamingPauseRendering (346)
[2020.04.16-06.38.31:777][525]LogModuleManager: Shutting down and abandoning module PortalServices (344)
[2020.04.16-06.38.31:777][525]LogModuleManager: Shutting down and abandoning module PortalRpc (342)
[2020.04.16-06.38.31:777][525]LogModuleManager: Shutting down and abandoning module MessagingRpc (340)
[2020.04.16-06.38.31:777][525]LogModuleManager: Shutting down and abandoning module ImageWriteQueue (338)
[2020.04.16-06.38.31:780][525]LogModuleManager: Shutting down and abandoning module ProfilerService (336)
[2020.04.16-06.38.31:849][525]LogModuleManager: Shutting down and abandoning module TaskGraph (334)
[2020.04.16-06.38.31:849][525]LogModuleManager: Shutting down and abandoning module SteamVRController (332)
[2020.04.16-06.38.31:849][525]LogModuleManager: Shutting down and abandoning module ProceduralMeshComponent (330)
[2020.04.16-06.38.31:849][525]LogModuleManager: Shutting down and abandoning module OculusInput (328)
[2020.04.16-06.38.31:849][525]LogModuleManager: Shutting down and abandoning module MobilePatchingUtils (326)
[2020.04.16-06.38.31:849][525]LogModuleManager: Shutting down and abandoning module EditableMesh (324)
[2020.04.16-06.38.31:849][525]LogModuleManager: Shutting down and abandoning module CustomMeshComponent (322)
[2020.04.16-06.38.31:849][525]LogModuleManager: Shutting down and abandoning module CableComponent (320)
[2020.04.16-06.38.31:849][525]LogModuleManager: Shutting down and abandoning module AudioCapture (318)
[2020.04.16-06.38.31:849][525]LogModuleManager: Shutting down and abandoning module ArchVisCharacter (316)
[2020.04.16-06.38.31:849][525]LogModuleManager: Shutting down and abandoning module AndroidPermission (314)
[2020.04.16-06.38.31:849][525]LogModuleManager: Shutting down and abandoning module NUTUnrealEngine4 (312)
[2020.04.16-06.38.31:849][525]LogModuleManager: Shutting down and abandoning module NetcodeUnitTest (310)
[2020.04.16-06.38.31:850][525]LogModuleManager: Shutting down and abandoning module MediaCompositing (308)
[2020.04.16-06.38.31:850][525]LogModuleManager: Shutting down and abandoning module LinearTimecode (306)
[2020.04.16-06.38.31:850][525]LogModuleManager: Shutting down and abandoning module ImgMedia (304)
[2020.04.16-06.38.31:850][525]LogModuleManager: Shutting down and abandoning module MagicLeapHelperVulkan (302)
[2020.04.16-06.38.31:850][525]LogModuleManager: Shutting down and abandoning module MagicLeapHelperOpenGL (300)
[2020.04.16-06.38.31:850][525]LogModuleManager: Shutting down and abandoning module MagicLeapAudio (298)
[2020.04.16-06.38.31:850][525]LogModuleManager: Shutting down and abandoning module HTML5Networking (296)
[2020.04.16-06.38.31:850][525]LogModuleManager: Shutting down and abandoning module GeometryCacheTracks (294)
[2020.04.16-06.38.31:850][525]LogModuleManager: Shutting down and abandoning module GeometryCacheSequencer (293)
[2020.04.16-06.38.31:850][525]LogModuleManager: Shutting down and abandoning module GeometryCache (290)
[2020.04.16-06.38.31:850][525]LogModuleManager: Shutting down and abandoning module GeometryCacheEd (289)
[2020.04.16-06.38.31:850][525]LogModuleManager: Shutting down and abandoning module BackChannel (286)
[2020.04.16-06.38.31:850][525]LogModuleManager: Shutting down and abandoning module AppleVision (284)
[2020.04.16-06.38.31:850][525]LogModuleManager: Shutting down and abandoning module AppleImageUtilsBlueprintSupport (282)
[2020.04.16-06.38.31:850][525]LogModuleManager: Shutting down and abandoning module AppleImageUtils (280)
[2020.04.16-06.38.31:850][525]LogModuleManager: Shutting down and abandoning module VariantManagerContent (278)
[2020.04.16-06.38.31:850][525]LogModuleManager: Shutting down and abandoning module CryptoKeysOpenSSL (276)
[2020.04.16-06.38.31:850][525]LogModuleManager: Shutting down and abandoning module CryptoKeys (274)
[2020.04.16-06.38.31:850][525]LogModuleManager: Shutting down and abandoning module VisualStudioSourceCodeAccess (272)
[2020.04.16-06.38.31:850][525]LogModuleManager: Shutting down and abandoning module HotReload (271)
[2020.04.16-06.38.31:850][525]LogModuleManager: Shutting down and abandoning module DirectoryWatcher (270)
[2020.04.16-06.38.31:850][525]LogModuleManager: Shutting down and abandoning module VisualStudioCodeSourceCodeAccess (266)
[2020.04.16-06.38.31:850][525]LogModuleManager: Shutting down and abandoning module UObjectPlugin (264)
[2020.04.16-06.38.31:850][525]LogModuleManager: Shutting down and abandoning module SubversionSourceControl (262)
[2020.04.16-06.38.31:850][525]LogModuleManager: Shutting down and abandoning module PerforceSourceControl (260)
[2020.04.16-06.38.31:850][525]LogModuleManager: Shutting down and abandoning module SourceControl (259)
[2020.04.16-06.38.31:850][525]LogModuleManager: Shutting down and abandoning module CLionSourceCodeAccess (256)
[2020.04.16-06.38.31:850][525]LogModuleManager: Shutting down and abandoning module ActorLayerUtilities (254)
[2020.04.16-06.38.31:850][525]LogModuleManager: Shutting down and abandoning module SignificanceManager (252)
[2020.04.16-06.38.31:850][525]LogModuleManager: Shutting down and abandoning module RuntimePhysXCooking (250)
[2020.04.16-06.38.31:850][525]LogModuleManager: Shutting down and abandoning module PhysXVehiclesEditor (248)
[2020.04.16-06.38.31:850][525]LogModuleManager: Shutting down and abandoning module PhysXVehicles (246)
[2020.04.16-06.38.31:850][525]LogModuleManager: Shutting down and abandoning module LocationServicesBPLibrary (244)
[2020.04.16-06.38.31:850][525]LogModuleManager: Shutting down and abandoning module ActorSequence (242)
[2020.04.16-06.38.31:850][525]LogModuleManager: Shutting down and abandoning module UdpMessaging (240)
[2020.04.16-06.38.31:951][525]LogModuleManager: Shutting down and abandoning module TcpMessaging (238)
[2020.04.16-06.38.32:589][525]LogModuleManager: Shutting down and abandoning module MagicLeapIdentity (236)
[2020.04.16-06.38.32:589][525]LogModuleManager: Shutting down and abandoning module MagicLeapSecureStorage (234)
[2020.04.16-06.38.32:589][525]LogModuleManager: Shutting down and abandoning module MagicLeapHandTracking (232)
[2020.04.16-06.38.32:589][525]LogModuleManager: Shutting down and abandoning module MagicLeapEyeTracker (230)
[2020.04.16-06.38.32:589][525]LogModuleManager: Shutting down and abandoning module MagicLeapController (228)
[2020.04.16-06.38.32:589][525]LogSlate: Slate User Destroyed.  User Index 0, Is Virtual User: 0
[2020.04.16-06.38.32:589][525]LogModuleManager: Shutting down and abandoning module MagicLeapAR (226)
[2020.04.16-06.38.32:589][525]LogModuleManager: Shutting down and abandoning module AugmentedReality (225)
[2020.04.16-06.38.32:589][525]LogModuleManager: Shutting down and abandoning module GameplayTagsEditor (222)
[2020.04.16-06.38.32:589][525]LogModuleManager: Shutting down and abandoning module FacialAnimation (220)
[2020.04.16-06.38.32:590][525]LogModuleManager: Shutting down and abandoning module DataValidation (218)
[2020.04.16-06.38.32:590][525]LogModuleManager: Shutting down and abandoning module AssetManagerEditor (216)
[2020.04.16-06.38.32:590][525]LogModuleManager: Shutting down and abandoning module TreeMap (215)
[2020.04.16-06.38.32:590][525]LogModuleManager: Shutting down and abandoning module AnimationSharing (212)
[2020.04.16-06.38.32:590][525]LogModuleManager: Shutting down and abandoning module LightPropagationVolumeRuntime (210)
[2020.04.16-06.38.32:590][525]LogModuleManager: Shutting down and abandoning module AISupportModule (208)
[2020.04.16-06.38.32:590][525]LogModuleManager: Shutting down and abandoning module Paper2D (206)
[2020.04.16-06.38.32:590][525]LogModuleManager: Shutting down and abandoning module WindowsMoviePlayer (204)
[2020.04.16-06.38.32:590][525]LogModuleManager: Shutting down and abandoning module WebMMoviePlayer (202)
[2020.04.16-06.38.32:590][525]LogModuleManager: Shutting down and abandoning module PacketHandler (200)
[2020.04.16-06.38.32:590][525]LogModuleManager: Shutting down and abandoning module ClothingSystemEditor (198)
[2020.04.16-06.38.32:590][525]LogModuleManager: Shutting down and abandoning module ClothingSystemRuntime (196)
[2020.04.16-06.38.32:591][525]LogModuleManager: Shutting down and abandoning module MediaAssets (194)
[2020.04.16-06.38.32:591][525]LogModuleManager: Shutting down and abandoning module Overlay (192)
[2020.04.16-06.38.32:591][525]LogModuleManager: Shutting down and abandoning module OverlayEditor (191)
[2020.04.16-06.38.32:591][525]LogModuleManager: Shutting down and abandoning module VREditor (188)
[2020.04.16-06.38.32:591][525]LogModuleManager: Shutting down and abandoning module StringTableEditor (186)
[2020.04.16-06.38.32:591][525]LogModuleManager: Shutting down and abandoning module GameplayTasksEditor (184)
[2020.04.16-06.38.32:591][525]LogModuleManager: Shutting down and abandoning module BehaviorTreeEditor (182)
[2020.04.16-06.38.32:592][525]LogModuleManager: Shutting down and abandoning module FunctionalTesting (180)
[2020.04.16-06.38.32:592][525]LogModuleManager: Shutting down and abandoning module CollisionAnalyzer (178)
[2020.04.16-06.38.32:592][525]LogModuleManager: Shutting down and abandoning module WorkspaceMenuStructure (177)
[2020.04.16-06.38.32:592][525]LogModuleManager: Shutting down and abandoning module UMG (174)
[2020.04.16-06.38.32:592][525]LogModuleManager: Shutting down and abandoning module UMGEditor (173)
[2020.04.16-06.38.32:592][525]LogModuleManager: Shutting down and abandoning module Sequencer (172)
[2020.04.16-06.38.32:593][525]LogModuleManager: Shutting down and abandoning module MessageLog (169)
[2020.04.16-06.38.32:593][525]LogModuleManager: Shutting down and abandoning module SlateReflector (164)
[2020.04.16-06.38.32:595][525]LogModuleManager: Shutting down and abandoning module Slate (162)
[2020.04.16-06.38.32:595][525]LogModuleManager: Shutting down and abandoning module EditorStyle (160)
[2020.04.16-06.38.32:596][525]LogModuleManager: Shutting down and abandoning module UnrealEd (158)
[2020.04.16-06.38.32:596][525]LogModuleManager: Shutting down and abandoning module MRMesh (156)
[2020.04.16-06.38.32:596][525]LogModuleManager: Shutting down and abandoning module Messaging (154)
[2020.04.16-06.38.32:596][525]LogModuleManager: Shutting down and abandoning module SourceCodeAccess (152)
[2020.04.16-06.38.32:596][525]LogModuleManager: Shutting down and abandoning module HeadMountedDisplay (150)
[2020.04.16-06.38.32:596][525]LogModuleManager: Shutting down and abandoning module XAudio2 (148)
[2020.04.16-06.38.32:596][525]LogModuleManager: Shutting down and abandoning module Networking (146)
[2020.04.16-06.38.32:596][525]LogModuleManager: Shutting down and abandoning module Core (144)
[2020.04.16-06.38.32:596][525]LogModuleManager: Shutting down and abandoning module KismetCompiler (142)
[2020.04.16-06.38.32:596][525]LogModuleManager: Shutting down and abandoning module MeshUtilities (140)
[2020.04.16-06.38.32:596][525]LogModuleManager: Shutting down and abandoning module MeshMergeUtilities (139)
[2020.04.16-06.38.32:596][525]LogModuleManager: Shutting down and abandoning module MeshReductionInterface (138)
[2020.04.16-06.38.32:596][525]LogModuleManager: Shutting down and abandoning module SkeletalMeshReduction (137)
[2020.04.16-06.38.32:596][525]LogModuleManager: Shutting down and abandoning module ProxyLODMeshReduction (135)
[2020.04.16-06.38.32:597][525]LogModuleManager: Shutting down and abandoning module QuadricMeshReduction (133)
[2020.04.16-06.38.32:597][525]LogModuleManager: Shutting down and abandoning module MaterialBaking (129)
[2020.04.16-06.38.32:597][525]LogModuleManager: Shutting down and abandoning module PIEPreviewDeviceProfileSelector (124)
[2020.04.16-06.38.32:597][525]LogModuleManager: Shutting down and abandoning module DerivedDataCache (122)
